Logfile initialized
[INFO] logfile = /home/pepo/Titanium Studio Workspace/CC_e-lex/build.log
[DEBUG] /home/pepo/.titanium/mobilesdk/linux/1.8.2/android/builder.py install CC_e-lex /IPLANFILES/android/android-sdk-linux_86 /home/pepo/Titanium Studio Workspace/CC_e-lex ar.com.upmobile.ccivil 7
[INFO] Titanium SDK version: 1.8.2 (02/23/12 17:46 59b3a90)
[DEBUG] Waiting for device to be ready ...
[TRACE] adb devices returned 1 devices/emulators
[DEBUG] Device connected... (waited 0 seconds)
[DEBUG] waited 0.022224 seconds on emulator to get ready
[DEBUG] ar.com.upmobile.ccivil installed? False
[INFO] Copying project resources..
[INFO] Detected tiapp.xml change (or assets deleted), forcing full re-build...
[TRACE] COPYING CREATED FILE: /home/pepo/Titanium Studio Workspace/CC_e-lex/Resources/images/KS_nav_views.png => /home/pepo/Titanium Studio Workspace/CC_e-lex/build/android/bin/assets/Resources/images/KS_nav_views.png
[TRACE] COPYING CREATED FILE: /home/pepo/Titanium Studio Workspace/CC_e-lex/Resources/images/KS_nav_ui.png => /home/pepo/Titanium Studio Workspace/CC_e-lex/build/android/bin/assets/Resources/images/KS_nav_ui.png
[TRACE] COPYING CREATED FILE: /home/pepo/Titanium Studio Workspace/CC_e-lex/Resources/KS_nav_views.png => /home/pepo/Titanium Studio Workspace/CC_e-lex/build/android/bin/assets/Resources/KS_nav_views.png
[TRACE] COPYING CREATED FILE: /home/pepo/Titanium Studio Workspace/CC_e-lex/Resources/ui/AppTabGroup.js => /home/pepo/Titanium Studio Workspace/CC_e-lex/build/android/bin/assets/Resources/ui/AppTabGroup.js
[TRACE] COPYING CREATED FILE: /home/pepo/Titanium Studio Workspace/CC_e-lex/Resources/ui/AppWindow.js => /home/pepo/Titanium Studio Workspace/CC_e-lex/build/android/bin/assets/Resources/ui/AppWindow.js
[TRACE] COPYING CREATED FILE: /home/pepo/Titanium Studio Workspace/CC_e-lex/Resources/android/default.png => /home/pepo/Titanium Studio Workspace/CC_e-lex/build/android/bin/assets/Resources/default.png
[TRACE] COPYING CREATED FILE: /home/pepo/Titanium Studio Workspace/CC_e-lex/Resources/android/appicon.png => /home/pepo/Titanium Studio Workspace/CC_e-lex/build/android/bin/assets/Resources/appicon.png
[TRACE] COPYING CREATED FILE: /home/pepo/Titanium Studio Workspace/CC_e-lex/Resources/app.js => /home/pepo/Titanium Studio Workspace/CC_e-lex/build/android/bin/assets/Resources/app.js
[TRACE] COPYING CREATED FILE: /home/pepo/Titanium Studio Workspace/CC_e-lex/Resources/ic_launcher68x68.png => /home/pepo/Titanium Studio Workspace/CC_e-lex/build/android/bin/assets/Resources/ic_launcher68x68.png
[TRACE] COPYING CREATED FILE: /home/pepo/Titanium Studio Workspace/CC_e-lex/Resources/KS_nav_ui.png => /home/pepo/Titanium Studio Workspace/CC_e-lex/build/android/bin/assets/Resources/KS_nav_ui.png
[TRACE] Generating Java Classes
[DEBUG] Processing Android resource drawables
[DEBUG] app stylesheet => /home/pepo/Titanium Studio Workspace/CC_e-lex/build/android/gen/ar/com/upmobile/ccivil/ApplicationStylesheet.java
[DEBUG] copying app icon: /home/pepo/Titanium Studio Workspace/CC_e-lex/build/android/bin/assets/Resources/ic_launcher68x68.png
[DEBUG] generating theme.xml
[DEBUG] found drawable-notlong-port-ldpi splash screen at /home/pepo/Titanium Studio Workspace/CC_e-lex/Resources/android/images/res-notlong-port-ldpi/default.png
[DEBUG] copying /home/pepo/Titanium Studio Workspace/CC_e-lex/Resources/android/images/res-notlong-port-ldpi/default.png splash screen to /home/pepo/Titanium Studio Workspace/CC_e-lex/build/android/res/drawable-notlong-port-ldpi/background.png
[DEBUG] found drawable-notlong-land-ldpi splash screen at /home/pepo/Titanium Studio Workspace/CC_e-lex/Resources/android/images/res-notlong-land-ldpi/default.png
[DEBUG] copying /home/pepo/Titanium Studio Workspace/CC_e-lex/Resources/android/images/res-notlong-land-ldpi/default.png splash screen to /home/pepo/Titanium Studio Workspace/CC_e-lex/build/android/res/drawable-notlong-land-ldpi/background.png
[DEBUG] found drawable-notlong-port-hdpi splash screen at /home/pepo/Titanium Studio Workspace/CC_e-lex/Resources/android/images/res-notlong-port-hdpi/default.png
[DEBUG] copying /home/pepo/Titanium Studio Workspace/CC_e-lex/Resources/android/images/res-notlong-port-hdpi/default.png splash screen to /home/pepo/Titanium Studio Workspace/CC_e-lex/build/android/res/drawable-notlong-port-hdpi/background.png
[DEBUG] found drawable-long-land-ldpi splash screen at /home/pepo/Titanium Studio Workspace/CC_e-lex/Resources/android/images/res-long-land-ldpi/default.png
[DEBUG] copying /home/pepo/Titanium Studio Workspace/CC_e-lex/Resources/android/images/res-long-land-ldpi/default.png splash screen to /home/pepo/Titanium Studio Workspace/CC_e-lex/build/android/res/drawable-long-land-ldpi/background.png
[DEBUG] found drawable-long-land-hdpi splash screen at /home/pepo/Titanium Studio Workspace/CC_e-lex/Resources/android/images/res-long-land-hdpi/default.png
[DEBUG] copying /home/pepo/Titanium Studio Workspace/CC_e-lex/Resources/android/images/res-long-land-hdpi/default.png splash screen to /home/pepo/Titanium Studio Workspace/CC_e-lex/build/android/res/drawable-long-land-hdpi/background.png
[DEBUG] found drawable-notlong-land-mdpi splash screen at /home/pepo/Titanium Studio Workspace/CC_e-lex/Resources/android/images/res-notlong-land-mdpi/default.png
[DEBUG] copying /home/pepo/Titanium Studio Workspace/CC_e-lex/Resources/android/images/res-notlong-land-mdpi/default.png splash screen to /home/pepo/Titanium Studio Workspace/CC_e-lex/build/android/res/drawable-notlong-land-mdpi/background.png
[DEBUG] found drawable-long-port-ldpi splash screen at /home/pepo/Titanium Studio Workspace/CC_e-lex/Resources/android/images/res-long-port-ldpi/default.png
[DEBUG] copying /home/pepo/Titanium Studio Workspace/CC_e-lex/Resources/android/images/res-long-port-ldpi/default.png splash screen to /home/pepo/Titanium Studio Workspace/CC_e-lex/build/android/res/drawable-long-port-ldpi/background.png
[DEBUG] found drawable-notlong-port-mdpi splash screen at /home/pepo/Titanium Studio Workspace/CC_e-lex/Resources/android/images/res-notlong-port-mdpi/default.png
[DEBUG] copying /home/pepo/Titanium Studio Workspace/CC_e-lex/Resources/android/images/res-notlong-port-mdpi/default.png splash screen to /home/pepo/Titanium Studio Workspace/CC_e-lex/build/android/res/drawable-notlong-port-mdpi/background.png
[DEBUG] found drawable-notlong-land-hdpi splash screen at /home/pepo/Titanium Studio Workspace/CC_e-lex/Resources/android/images/res-notlong-land-hdpi/default.png
[DEBUG] copying /home/pepo/Titanium Studio Workspace/CC_e-lex/Resources/android/images/res-notlong-land-hdpi/default.png splash screen to /home/pepo/Titanium Studio Workspace/CC_e-lex/build/android/res/drawable-notlong-land-hdpi/background.png
[DEBUG] found drawable-long-port-hdpi splash screen at /home/pepo/Titanium Studio Workspace/CC_e-lex/Resources/android/images/res-long-port-hdpi/default.png
[DEBUG] copying /home/pepo/Titanium Studio Workspace/CC_e-lex/Resources/android/images/res-long-port-hdpi/default.png splash screen to /home/pepo/Titanium Studio Workspace/CC_e-lex/build/android/res/drawable-long-port-hdpi/background.png
[DEBUG] found splash screen at /home/pepo/Titanium Studio Workspace/CC_e-lex/build/android/bin/assets/Resources/default.png
[TRACE] Writing out AndroidManifest.xml
[DEBUG] adding /home/pepo/Titanium Studio Workspace/CC_e-lex/build/android/gen/ar/com/upmobile/ccivil/ApplicationStylesheet.java to javac build list
[DEBUG] adding /home/pepo/Titanium Studio Workspace/CC_e-lex/build/android/gen/ar/com/upmobile/ccivil/Cc_eLexApplication.java to javac build list
[DEBUG] adding /home/pepo/Titanium Studio Workspace/CC_e-lex/build/android/gen/ar/com/upmobile/ccivil/Cc_eLexActivity.java to javac build list
[DEBUG] adding /home/pepo/Titanium Studio Workspace/CC_e-lex/build/android/gen/ar/com/upmobile/ccivil/Cc_eLexAppInfo.java to javac build list
[DEBUG] adding /home/pepo/Titanium Studio Workspace/CC_e-lex/build/android/gen/ar/com/upmobile/ccivil/R.java to javac build list
[DEBUG] Building Java Sources: "/home/pepo/Titanium Studio Workspace/CC_e-lex/build/android/gen/ar/com/upmobile/ccivil/ApplicationStylesheet.java" "/home/pepo/Titanium Studio Workspace/CC_e-lex/build/android/gen/ar/com/upmobile/ccivil/Cc_eLexApplication.java" "/home/pepo/Titanium Studio Workspace/CC_e-lex/build/android/gen/ar/com/upmobile/ccivil/Cc_eLexActivity.java" "/home/pepo/Titanium Studio Workspace/CC_e-lex/build/android/gen/ar/com/upmobile/ccivil/Cc_eLexAppInfo.java" "/home/pepo/Titanium Studio Workspace/CC_e-lex/build/android/gen/ar/com/upmobile/ccivil/R.java"
[INFO] Compiling Android Resources... This could take some time
[DEBUG] Android classes.dex built
